[22:55:54 ERROR]: Could not pass event EntityDamageByBlockEvent to AdvancedHardcore v0.92
java.lang.NoClassDefFoundError: main/listener/ItemSaver$1
        at main.listener.ItemSaver.onItemDamage(ItemSaver.java:154) ~[?:?]
        at com.destroystokyo.paper.event.executor.asm.generated.GeneratedEventExecutor1512.execute(Unknown Source) ~[?:?]
        at org.bukkit.plugin.EventExecutor.lambda$create$1(EventExecutor.java:69) ~[patched_1.16.5.jar:git-Paper-449]
        at co.aikar.timings.TimedEventExecutor.execute(TimedEventExecutor.java:80) ~[patched_1.16.5.jar:git-Paper-449]
        at org.bukkit.plugin.RegisteredListener.callEvent(RegisteredListener.java:70) ~[patched_1.16.5.jar:git-Paper-449]
        at org.bukkit.plugin.SimplePluginManager.callEvent(SimplePluginManager.java:607) ~[patched_1.16.5.jar:git-Paper-449]
        at org.bukkit.craftbukkit.v1_16_R3.event.CraftEventFactory.callEvent(CraftEventFactory.java:247) ~[patched_1.16.5.jar:git-Paper-449]
        at org.bukkit.craftbukkit.v1_16_R3.event.CraftEventFactory.handleEntityDamageEvent(CraftEventFactory.java:949) ~[patched_1.16.5.jar:git-Paper-449]
        at org.bukkit.craftbukkit.v1_16_R3.event.CraftEventFactory.handleNonLivingEntityDamageEvent(CraftEventFactory.java:1101) ~[patched_1.16.5.jar:git-Paper-449]
        at org.bukkit.craftbukkit.v1_16_R3.event.CraftEventFactory.handleNonLivingEntityDamageEvent(CraftEventFactory.java:1091) ~[patched_1.16.5.jar:git-Paper-449]
        at org.bukkit.craftbukkit.v1_16_R3.event.CraftEventFactory.handleNonLivingEntityDamageEvent(CraftEventFactory.java:1087) ~[patched_1.16.5.jar:git-Paper-449]
        at net.minecraft.server.v1_16_R3.EntityItem.damageEntity(EntityItem.java:279) ~[patched_1.16.5.jar:git-Paper-449]
        at net.minecraft.server.v1_16_R3.Entity.burnFromLava(Entity.java:518) ~[patched_1.16.5.jar:git-Paper-449]
        at net.minecraft.server.v1_16_R3.Entity.entityBaseTick(Entity.java:457) ~[patched_1.16.5.jar:git-Paper-449]
        at net.minecraft.server.v1_16_R3.Entity.tick(Entity.java:406) ~[patched_1.16.5.jar:git-Paper-449]
        at net.minecraft.server.v1_16_R3.EntityItem.tick(EntityItem.java:60) ~[patched_1.16.5.jar:git-Paper-449]
        at net.minecraft.server.v1_16_R3.WorldServer.entityJoinedWorld(WorldServer.java:846) ~[patched_1.16.5.jar:git-Paper-449]
        at net.minecraft.server.v1_16_R3.World.a(World.java:887) ~[patched_1.16.5.jar:git-Paper-449]
        at net.minecraft.server.v1_16_R3.WorldServer.doTick(WorldServer.java:531) ~[patched_1.16.5.jar:git-Paper-449]
        at net.minecraft.server.v1_16_R3.MinecraftServer.b(MinecraftServer.java:1357) ~[patched_1.16.5.jar:git-Paper-449]
        at net.minecraft.server.v1_16_R3.DedicatedServer.b(DedicatedServer.java:377) ~[patched_1.16.5.jar:git-Paper-449]        at net.minecraft.server.v1_16_R3.MinecraftServer.a(MinecraftServer.java:1209) ~[patched_1.16.5.jar:git-Paper-449]
        at net.minecraft.server.v1_16_R3.MinecraftServer.w(MinecraftServer.java:997) ~[patched_1.16.5.jar:git-Paper-449]        at net.minecraft.server.v1_16_R3.MinecraftServer.lambda$a$0(MinecraftServer.java:174) ~[patched_1.16.5.jar:git-Paper-449]
        at java.lang.Thread.run(Unknown Source) [?:1.8.0_231]
Caused by: java.lang.ClassNotFoundException: main.listener.ItemSaver$1
        at java.net.URLClassLoader.findClass(Unknown Source) ~[?:1.8.0_231]
        at org.bukkit.plugin.java.PluginClassLoader.findClass(PluginClassLoader.java:182) ~[patched_1.16.5.jar:git-Paper-449]
        at org.bukkit.plugin.java.PluginClassLoader.findClass(PluginClassLoader.java:111) ~[patched_1.16.5.jar:git-Paper-449]
        at java.lang.ClassLoader.loadClass(Unknown Source) ~[?:1.8.0_231]
        at java.lang.ClassLoader.loadClass(Unknown Source) ~[?:1.8.0_231]
        ... 25 more
		
[23:00:43 ERROR]: Could not pass event ProjectileHitEvent to AdvancedHardcore v0.92
java.lang.NoClassDefFoundError: main/Explosion
        at main.listener.ProjectileEvents.onProjectileHit(ProjectileEvents.java:84) ~[?:?]
        at com.destroystokyo.paper.event.executor.asm.generated.GeneratedEventExecutor1507.execute(Unknown Source) ~[?:?]
        at org.bukkit.plugin.EventExecutor.lambda$create$1(EventExecutor.java:69) ~[patched_1.16.5.jar:git-Paper-449]
        at co.aikar.timings.TimedEventExecutor.execute(TimedEventExecutor.java:80) ~[patched_1.16.5.jar:git-Paper-449]
        at org.bukkit.plugin.RegisteredListener.callEvent(RegisteredListener.java:70) ~[patched_1.16.5.jar:git-Paper-449]
        at org.bukkit.plugin.SimplePluginManager.callEvent(SimplePluginManager.java:607) ~[patched_1.16.5.jar:git-Paper-449]
        at org.bukkit.event.Event.callEvent(Event.java:45) ~[patched_1.16.5.jar:git-Paper-449]
        at org.bukkit.craftbukkit.v1_16_R3.event.CraftEventFactory.callProjectileHitEvent(CraftEventFactory.java:1318) ~[patched_1.16.5.jar:git-Paper-449]
        at net.minecraft.server.v1_16_R3.IProjectile.a(IProjectile.java:121) ~[patched_1.16.5.jar:git-Paper-449]
        at net.minecraft.server.v1_16_R3.EntityPotion.a(EntityPotion.java:70) ~[patched_1.16.5.jar:git-Paper-449]
        at net.minecraft.server.v1_16_R3.EntityProjectile.tick(EntityProjectile.java:53) ~[patched_1.16.5.jar:git-Paper-449]
        at net.minecraft.server.v1_16_R3.WorldServer.entityJoinedWorld(WorldServer.java:846) ~[patched_1.16.5.jar:git-Paper-449]
        at net.minecraft.server.v1_16_R3.World.a(World.java:887) ~[patched_1.16.5.jar:git-Paper-449]
        at net.minecraft.server.v1_16_R3.WorldServer.doTick(WorldServer.java:531) ~[patched_1.16.5.jar:git-Paper-449]
        at net.minecraft.server.v1_16_R3.MinecraftServer.b(MinecraftServer.java:1357) ~[patched_1.16.5.jar:git-Paper-449]
        at net.minecraft.server.v1_16_R3.DedicatedServer.b(DedicatedServer.java:377) ~[patched_1.16.5.jar:git-Paper-449]        at net.minecraft.server.v1_16_R3.MinecraftServer.a(MinecraftServer.java:1209) ~[patched_1.16.5.jar:git-Paper-449]
        at net.minecraft.server.v1_16_R3.MinecraftServer.w(MinecraftServer.java:997) ~[patched_1.16.5.jar:git-Paper-449]        at net.minecraft.server.v1_16_R3.MinecraftServer.lambda$a$0(MinecraftServer.java:174) ~[patched_1.16.5.jar:git-Paper-449]
        at java.lang.Thread.run(Unknown Source) [?:1.8.0_231]
		
[23:38:58 ERROR]: null
org.bukkit.command.CommandException: Unhandled exception executing command 'tglmethod' in plugin AdvancedHardcore valpha 0.93
        at org.bukkit.command.PluginCommand.execute(PluginCommand.java:47) ~[patched_1.16.5.jar:git-Paper-449]
        at org.bukkit.command.SimpleCommandMap.dispatch(SimpleCommandMap.java:159) ~[patched_1.16.5.jar:git-Paper-449]
        at org.bukkit.craftbukkit.v1_16_R3.CraftServer.dispatchCommand(CraftServer.java:807) ~[patched_1.16.5.jar:git-Paper-449]
        at net.minecraft.server.v1_16_R3.PlayerConnection.handleCommand(PlayerConnection.java:2021) ~[patched_1.16.5.jar:git-Paper-449]
        at net.minecraft.server.v1_16_R3.PlayerConnection.c(PlayerConnection.java:1832) ~[patched_1.16.5.jar:git-Paper-449]
        at net.minecraft.server.v1_16_R3.PlayerConnection.a(PlayerConnection.java:1785) ~[patched_1.16.5.jar:git-Paper-449]
        at net.minecraft.server.v1_16_R3.PacketPlayInChat.a(PacketPlayInChat.java:47) ~[patched_1.16.5.jar:git-Paper-449]
        at net.minecraft.server.v1_16_R3.PacketPlayInChat.a(PacketPlayInChat.java:5) ~[patched_1.16.5.jar:git-Paper-449]
        at net.minecraft.server.v1_16_R3.PlayerConnectionUtils.lambda$ensureMainThread$1(PlayerConnectionUtils.java:23) ~[patched_1.16.5.jar:git-Paper-449]
        at net.minecraft.server.v1_16_R3.TickTask.run(SourceFile:18) ~[patched_1.16.5.jar:git-Paper-449]
        at net.minecraft.server.v1_16_R3.IAsyncTaskHandler.executeTask(IAsyncTaskHandler.java:136) ~[patched_1.16.5.jar:git-Paper-449]
        at net.minecraft.server.v1_16_R3.IAsyncTaskHandlerReentrant.executeTask(SourceFile:23) ~[patched_1.16.5.jar:git-Paper-449]
        at net.minecraft.server.v1_16_R3.IAsyncTaskHandler.executeNext(IAsyncTaskHandler.java:109) ~[patched_1.16.5.jar:git-Paper-449]
        at net.minecraft.server.v1_16_R3.MinecraftServer.bb(MinecraftServer.java:1133) ~[patched_1.16.5.jar:git-Paper-449]
        at net.minecraft.server.v1_16_R3.MinecraftServer.executeNext(MinecraftServer.java:1126) ~[patched_1.16.5.jar:git-Paper-449]
        at net.minecraft.server.v1_16_R3.IAsyncTaskHandler.awaitTasks(IAsyncTaskHandler.java:119) ~[patched_1.16.5.jar:git-Paper-449]
        at net.minecraft.server.v1_16_R3.MinecraftServer.sleepForTick(MinecraftServer.java:1087) ~[patched_1.16.5.jar:git-Paper-449]
        at net.minecraft.server.v1_16_R3.MinecraftServer.w(MinecraftServer.java:1001) ~[patched_1.16.5.jar:git-Paper-449]
        at net.minecraft.server.v1_16_R3.MinecraftServer.lambda$a$0(MinecraftServer.java:174) ~[patched_1.16.5.jar:git-Paper-449]
        at java.lang.Thread.run(Unknown Source) [?:1.8.0_231]
Caused by: java.lang.NoClassDefFoundError: main/Explosion
        at main.commands.toggleMethod.onCommand(toggleMethod.java:16) ~[?:?]
        at org.bukkit.command.PluginCommand.execute(PluginCommand.java:45) ~[patched_1.16.5.jar:git-Paper-449]
        ... 19 more
Caused by: java.lang.ClassNotFoundException: main.Explosion
        at java.net.URLClassLoader.findClass(Unknown Source) ~[?:1.8.0_231]
        at org.bukkit.plugin.java.PluginClassLoader.findClass(PluginClassLoader.java:182) ~[patched_1.16.5.jar:git-Paper-449]
        at org.bukkit.plugin.java.PluginClassLoader.findClass(PluginClassLoader.java:111) ~[patched_1.16.5.jar:git-Paper-449]
        at java.lang.ClassLoader.loadClass(Unknown Source) ~[?:1.8.0_231]
        at java.lang.ClassLoader.loadClass(Unknown Source) ~[?:1.8.0_231]
        at main.commands.toggleMethod.onCommand(toggleMethod.java:16) ~[?:?]
        at org.bukkit.command.PluginCommand.execute(PluginCommand.java:45) ~[patched_1.16.5.jar:git-Paper-449]
        ... 19 more

[23:38:56 ERROR]: Could not pass event BlockExplodeEvent to AdvancedHardcore valpha 0.93
java.lang.NoClassDefFoundError: main/Explosion
        at main.listener.ExplosionListener.onBlockExplode(ExplosionListener.java:43) ~[?:?]
        at com.destroystokyo.paper.event.executor.asm.generated.GeneratedEventExecutor1608.execute(Unknown Source) ~[?:?]
        at org.bukkit.plugin.EventExecutor.lambda$create$1(EventExecutor.java:69) ~[patched_1.16.5.jar:git-Paper-449]
        at co.aikar.timings.TimedEventExecutor.execute(TimedEventExecutor.java:80) ~[patched_1.16.5.jar:git-Paper-449]
        at org.bukkit.plugin.RegisteredListener.callEvent(RegisteredListener.java:70) ~[patched_1.16.5.jar:git-Paper-449]
        at org.bukkit.plugin.SimplePluginManager.callEvent(SimplePluginManager.java:607) ~[patched_1.16.5.jar:git-Paper-449]
        at net.minecraft.server.v1_16_R3.Explosion.a(Explosion.java:266) ~[patched_1.16.5.jar:git-Paper-449]
        at net.minecraft.server.v1_16_R3.World.createExplosion(World.java:920) ~[patched_1.16.5.jar:git-Paper-449]
        at net.minecraft.server.v1_16_R3.WorldServer.createExplosion(WorldServer.java:1606) ~[patched_1.16.5.jar:git-Paper-449]
        at net.minecraft.server.v1_16_R3.World.createExplosion(World.java:913) ~[patched_1.16.5.jar:git-Paper-449]
        at org.bukkit.craftbukkit.v1_16_R3.CraftWorld.createExplosion(CraftWorld.java:988) ~[patched_1.16.5.jar:git-Paper-449]
        at org.bukkit.craftbukkit.v1_16_R3.CraftWorld.createExplosion(CraftWorld.java:983) ~[patched_1.16.5.jar:git-Paper-449]
        at main.listener.ProjectileEvents.onProjectileHit(ProjectileEvents.java:174) ~[?:?]
        at com.destroystokyo.paper.event.executor.asm.generated.GeneratedEventExecutor1613.execute(Unknown Source) ~[?:?]
        at org.bukkit.plugin.EventExecutor.lambda$create$1(EventExecutor.java:69) ~[patched_1.16.5.jar:git-Paper-449]
        at co.aikar.timings.TimedEventExecutor.execute(TimedEventExecutor.java:80) ~[patched_1.16.5.jar:git-Paper-449]
        at org.bukkit.plugin.RegisteredListener.callEvent(RegisteredListener.java:70) ~[patched_1.16.5.jar:git-Paper-449]
        at org.bukkit.plugin.SimplePluginManager.callEvent(SimplePluginManager.java:607) ~[patched_1.16.5.jar:git-Paper-449]
        at org.bukkit.event.Event.callEvent(Event.java:45) ~[patched_1.16.5.jar:git-Paper-449]
        at org.bukkit.craftbukkit.v1_16_R3.event.CraftEventFactory.callProjectileHitEvent(CraftEventFactory.java:1318) ~[patched_1.16.5.jar:git-Paper-449]
        at net.minecraft.server.v1_16_R3.IProjectile.a(IProjectile.java:121) ~[patched_1.16.5.jar:git-Paper-449]
        at net.minecraft.server.v1_16_R3.EntityArrow.tick(EntityArrow.java:176) ~[patched_1.16.5.jar:git-Paper-449]
        at net.minecraft.server.v1_16_R3.EntityTippedArrow.tick(EntityTippedArrow.java:92) ~[patched_1.16.5.jar:git-Paper-449]
        at net.minecraft.server.v1_16_R3.WorldServer.entityJoinedWorld(WorldServer.java:846) ~[patched_1.16.5.jar:git-Paper-449]
        at net.minecraft.server.v1_16_R3.World.a(World.java:887) ~[patched_1.16.5.jar:git-Paper-449]
        at net.minecraft.server.v1_16_R3.WorldServer.doTick(WorldServer.java:531) ~[patched_1.16.5.jar:git-Paper-449]
        at net.minecraft.server.v1_16_R3.MinecraftServer.b(MinecraftServer.java:1357) ~[patched_1.16.5.jar:git-Paper-449]
        at net.minecraft.server.v1_16_R3.DedicatedServer.b(DedicatedServer.java:377) ~[patched_1.16.5.jar:git-Paper-449]
        at net.minecraft.server.v1_16_R3.MinecraftServer.a(MinecraftServer.java:1209) ~[patched_1.16.5.jar:git-Paper-449]
        at net.minecraft.server.v1_16_R3.MinecraftServer.w(MinecraftServer.java:997) ~[patched_1.16.5.jar:git-Paper-449]
        at net.minecraft.server.v1_16_R3.MinecraftServer.lambda$a$0(MinecraftServer.java:174) ~[patched_1.16.5.jar:git-Paper-449]
        at java.lang.Thread.run(Unknown Source) [?:1.8.0_231]
		
after reload this errors goes away. why does this happens infrequently?